<?xml version="1.0" encoding="UTF-8"?>
<!-- Generated by org.testng.reporters.JUnitXMLReporter -->
<testsuite hostname="DESKTOP-488FP15" ignored="0" name="ieTest" tests="3" failures="1" timestamp="21 Sep 2019 05:10:17 GMT" time="204.571" errors="0">
  <testcase name="ValidLoginLogout" time="72.288" classname="Com_ActiTime_Test.ValidLoginLogoutTest"/>
  <testcase name="InvalidLogin" time="82.427" classname="Com_ActiTime_Test.InvalidLoginTest">
    <failure type="java.lang.AssertionError" message="null">
      <![CDATA[java.lang.AssertionError: null
at Com_ActiTime_Generic.BasePage.verifyElement(BasePage.java:42)
at Com_ActiTime_Page.actiTIMELoginPage.verifyErrorMSG(actiTIMELoginPage.java:48)
at Com_ActiTime_Test.InvalidLoginTest.InvalidLogin(InvalidLoginTest.java:30)
at java.util.concurrent.FutureTask.run(Unknown Source)
at java.util.concurrent.ThreadPoolExecutor.runWorker(Unknown Source)
at java.util.concurrent.ThreadPoolExecutor$Worker.run(Unknown Source)
at java.lang.Thread.run(Unknown Source)
... Removed 18 stack frames]]>
    </failure>
  </testcase> <!-- InvalidLogin -->
  <testcase name="VerifyVersion" time="0.531" classname="Com_ActiTime_Test.VerifyVersionTest"/>
</testsuite> <!-- ieTest -->
